Start testing: Apr 01 17:07 UTC
----------------------------------------------------------
1/3 Testing: MathTest.AddWorks
1/3 Test: MathTest.AddWorks
Command: "/app/build/unit_tests" "--gtest_filter=MathTest.AddWorks" "--gtest_also_run_disabled_tests"
Directory: /app/build
"MathTest.AddWorks" start time: Apr 01 17:07 UTC
Output:
----------------------------------------------------------
Running main() from /app/build/_deps/googletest-src/googletest/src/gtest_main.cc
Note: Google Test filter = MathTest.AddWorks
[==========] Running 1 test from 1 test suite.
[----------] Global test environment set-up.
[----------] 1 test from MathTest
[ RUN      ] MathTest.AddWorks
[       OK ] MathTest.AddWorks (0 ms)
[----------] 1 test from MathTest (0 ms total)

[----------] Global test environment tear-down
[==========] 1 test from 1 test suite ran. (0 ms total)
[  PASSED  ] 1 test.
<end of output>
Test time =   0.00 sec
----------------------------------------------------------
Test Passed.
"MathTest.AddWorks" end time: Apr 01 17:07 UTC
"MathTest.AddWorks" time elapsed: 00:00:00
----------------------------------------------------------

2/3 Testing: MathTest.AddNegative
2/3 Test: MathTest.AddNegative
Command: "/app/build/unit_tests" "--gtest_filter=MathTest.AddNegative" "--gtest_also_run_disabled_tests"
Directory: /app/build
"MathTest.AddNegative" start time: Apr 01 17:07 UTC
Output:
----------------------------------------------------------
Running main() from /app/build/_deps/googletest-src/googletest/src/gtest_main.cc
Note: Google Test filter = MathTest.AddNegative
[==========] Running 1 test from 1 test suite.
[----------] Global test environment set-up.
[----------] 1 test from MathTest
[ RUN      ] MathTest.AddNegative
[       OK ] MathTest.AddNegative (0 ms)
[----------] 1 test from MathTest (0 ms total)

[----------] Global test environment tear-down
[==========] 1 test from 1 test suite ran. (0 ms total)
[  PASSED  ] 1 test.
<end of output>
Test time =   0.00 sec
----------------------------------------------------------
Test Passed.
"MathTest.AddNegative" end time: Apr 01 17:07 UTC
"MathTest.AddNegative" time elapsed: 00:00:00
----------------------------------------------------------

3/3 Testing: MathTest.AddPositive
3/3 Test: MathTest.AddPositive
Command: "/app/build/unit_tests" "--gtest_filter=MathTest.AddPositive" "--gtest_also_run_disabled_tests"
Directory: /app/build
"MathTest.AddPositive" start time: Apr 01 17:07 UTC
Output:
----------------------------------------------------------
Running main() from /app/build/_deps/googletest-src/googletest/src/gtest_main.cc
Note: Google Test filter = MathTest.AddPositive
[==========] Running 1 test from 1 test suite.
[----------] Global test environment set-up.
[----------] 1 test from MathTest
[ RUN      ] MathTest.AddPositive
[       OK ] MathTest.AddPositive (0 ms)
[----------] 1 test from MathTest (0 ms total)

[----------] Global test environment tear-down
[==========] 1 test from 1 test suite ran. (0 ms total)
[  PASSED  ] 1 test.
<end of output>
Test time =   0.00 sec
----------------------------------------------------------
Test Passed.
"MathTest.AddPositive" end time: Apr 01 17:07 UTC
"MathTest.AddPositive" time elapsed: 00:00:00
----------------------------------------------------------

End testing: Apr 01 17:07 UTC
